<?xml version="1.0" encoding="utf-8"?><testsuites><testsuite name="pytest" errors="0" failures="0" skipped="0" tests="13" time="0.029" timestamp="2023-05-27T08:28:23.121598" hostname="shahraki-ubuntu"><testcase classname="test.test_tax" name="test_calculate_tax[9000000-0]" time="0.001" /><testcase classname="test.test_tax" name="test_calculate_tax[0-0]" time="0.000" /><testcase classname="test.test_tax" name="test_calculate_tax[-1-0]" time="0.000" /><testcase classname="test.test_tax" name="test_calculate_tax[23000000-1750000]" time="0.000" /><testcase classname="test.test_tax" name="test_calculate_tax[18000000-1000000]" time="0.000" /><testcase classname="test.test_tax" name="test_calculate_tax[28000000-2750000]" time="0.000" /><testcase classname="test.test_tax" name="test_calculate_tax[28000000000-8393750000]" time="0.000" /><testcase classname="test.test_tax" name="test_calculate_insurance[5308270-0-0]" time="0.000" /><testcase classname="test.test_tax" name="test_calculate_insurance[0-0-0]" time="0.000" /><testcase classname="test.test_tax" name="test_calculate_insurance[-1-0-0]" time="0.000" /><testcase classname="test.test_tax" name="test_calculate_insurance[33310172-2331712.04-7661339.56]" time="0.000" /><testcase classname="test.test_tax" name="test_calculate_insurance[18000000-1260000.0-4140000.0]" time="0.000" /><testcase classname="test.test_tax" name="test_calculate_insurance[28000000-1960000.0-6440000.0]" time="0.000" /></testsuite></testsuites>